<?xml version="1.0" encoding="UTF-8"?>
<testsuite xmlns:xsi="http://www.w3.org/2001/XMLSchema-instance" xsi:noNamespaceSchemaLocation="https://maven.apache.org/surefire/maven-surefire-plugin/xsd/surefire-test-report-3.0.xsd" version="3.0" name="uk.ac.ebi.pride.jmztab2.model.MZTabStringUtilsTest" time="0.015" tests="3" errors="0" skipped="0" failures="0">
  <properties>
[...]
</properties>
  <testcase name="testParseString" classname="uk.ac.ebi.pride.jmztab2.model.MZTabStringUtilsTest" time="0.006"/>
  <testcase name="testToCapital" classname="uk.ac.ebi.pride.jmztab2.model.MZTabStringUtilsTest" time="0"/>
  <testcase name="testIsEmpty" classname="uk.ac.ebi.pride.jmztab2.model.MZTabStringUtilsTest" time="0.001"/>
</testsuite>