<?xml version="1.0" encoding="UTF-8"?>
<testsuite xmlns:xsi="http://www.w3.org/2001/XMLSchema-instance" xsi:noNamespaceSchemaLocation="https://maven.apache.org/surefire/maven-failsafe-plugin/xsd/failsafe-test-report-3.0.xsd" version="3.0" name="de.isas.mztab2.validation.ExampleFilesValidationTestIT" time="141.032" tests="10" errors="0" skipped="0" failures="0">
  <properties>
[...]
</properties>
  <testcase name="testExamples[8: semantic validation of &apos;LIPIDOMICS_EXAMPLE&apos; on level &apos;Warn&apos; expecting &apos;0&apos; structural/logical errors and &apos;0&apos; cross check/semantic errors.]" classname="de.isas.mztab2.validation.ExampleFilesValidationTestIT" time="7.035"/>
  <testcase name="testExamples[1: semantic validation of &apos;MTBLS263&apos; on level &apos;Info&apos; expecting &apos;0&apos; structural/logical errors and &apos;15&apos; cross check/semantic errors.]" classname="de.isas.mztab2.validation.ExampleFilesValidationTestIT" time="5.144"/>
  <testcase name="testExamples[4: semantic validation of &apos;STANDARDMIX_POSITIVE_EXPORTPOSITIONLEVEL&apos; on level &apos;Info&apos; expecting &apos;0&apos; structural/logical errors and &apos;6&apos; cross check/semantic errors.]" classname="de.isas.mztab2.validation.ExampleFilesValidationTestIT" time="100.024"/>
  <testcase name="testExamples[7: semantic validation of &apos;GCXGC_MS_EXAMPLE&apos; on level &apos;Warn&apos; expecting &apos;0&apos; structural/logical errors and &apos;0&apos; cross check/semantic errors.]" classname="de.isas.mztab2.validation.ExampleFilesValidationTestIT" time="14.11"/>
  <testcase name="testExamples[0: semantic validation of &apos;LIPIDOMICS_EXAMPLE&apos; on level &apos;Info&apos; expecting &apos;0&apos; structural/logical errors and &apos;8&apos; cross check/semantic errors.]" classname="de.isas.mztab2.validation.ExampleFilesValidationTestIT" time="6.745"/>
  <testcase name="testExamples[5: semantic validation of &apos;STANDARDMIX_POSITIVE_EXPORTSPECIESLEVEL&apos; on level &apos;Info&apos; expecting &apos;0&apos; structural/logical errors and &apos;6&apos; cross check/semantic errors.]" classname="de.isas.mztab2.validation.ExampleFilesValidationTestIT" time="99.799"/>
  <testcase name="testExamples[9: semantic validation of &apos;LIPIDOMICS_EXAMPLE&apos; on level &apos;Error&apos; expecting &apos;0&apos; structural/logical errors and &apos;0&apos; cross check/semantic errors.]" classname="de.isas.mztab2.validation.ExampleFilesValidationTestIT" time="6.767"/>
  <testcase name="testExamples[3: semantic validation of &apos;STANDARDMIX_NEGATIVE_EXPORTSPECIESLEVEL&apos; on level &apos;Info&apos; expecting &apos;0&apos; structural/logical errors and &apos;6&apos; cross check/semantic errors.]" classname="de.isas.mztab2.validation.ExampleFilesValidationTestIT" time="141.03"/>
  <testcase name="testExamples[2: semantic validation of &apos;STANDARDMIX_NEGATIVE_EXPORTPOSITIONLEVEL&apos; on level &apos;Info&apos; expecting &apos;0&apos; structural/logical errors and &apos;6&apos; cross check/semantic errors.]" classname="de.isas.mztab2.validation.ExampleFilesValidationTestIT" time="140.987"/>
  <testcase name="testExamples[6: semantic validation of &apos;GCXGC_MS_EXAMPLE&apos; on level &apos;Info&apos; expecting &apos;0&apos; structural/logical errors and &apos;5&apos; cross check/semantic errors.]" classname="de.isas.mztab2.validation.ExampleFilesValidationTestIT" time="14.44"/>
</testsuite>